The system is: Linux - 2.6.32-5-amd64 - x86_64
Compiling the C compiler identification source file "CMakeCCompilerId.c" succeeded.
Compiler: /usr/bin/gcc 
Build flags: -fPIC
Id flags: 

The output was:
0


Compilation of the C compiler identification source "CMakeCCompilerId.c" produced "a.out"

The C compiler identification is GNU, found in "/home/vii/cvs/libs/Proj4Wrap/src/CMakeFiles/2.8.11.2/CompilerIdC/a.out"

Compiling the CXX compiler identification source file "CMakeCXXCompilerId.cpp" succeeded.
Compiler: /usr/bin/c++ 
Build flags: 
Id flags: 

The output was:
0


Compilation of the CXX compiler identification source "CMakeCXXCompilerId.cpp" produced "a.out"

The CXX compiler identification is GNU, found in "/home/vii/cvs/libs/Proj4Wrap/src/CMakeFiles/2.8.11.2/CompilerIdCXX/a.out"

Determining if the C compiler works passed with the following output:
Change Dir: /home/vii/cvs/libs/Proj4Wrap/src/CMakeFiles/CMakeTmp

Run Build Command:/usr/bin/make "cmTryCompileExec2518954336/fast"
/usr/bin/make -f CMakeFiles/cmTryCompileExec2518954336.dir/build.make CMakeFiles/cmTryCompileExec2518954336.dir/build
make[1]: Entering directory `/home/vii/cvs/libs/Proj4Wrap/src/CMakeFiles/CMakeTmp'
/d2/local/bin/cmake -E cmake_progress_report /home/vii/cvs/libs/Proj4Wrap/src/CMakeFiles/CMakeTmp/CMakeFiles 1
Building C object CMakeFiles/cmTryCompileExec2518954336.dir/testCCompiler.c.o
/usr/bin/gcc   -fPIC      -o CMakeFiles/cmTryCompileExec2518954336.dir/testCCompiler.c.o   -c /home/vii/cvs/libs/Proj4Wrap/src/CMakeFiles/CMakeTmp/testCCompiler.c
Linking C executable cmTryCompileExec2518954336
/d2/local/bin/cmake -E cmake_link_script CMakeFiles/cmTryCompileExec2518954336.dir/link.txt --verbose=1
/usr/bin/gcc   -fPIC      -L/d2/local/lib CMakeFiles/cmTryCompileExec2518954336.dir/testCCompiler.c.o  -o cmTryCompileExec2518954336 -rdynamic 
make[1]: Leaving directory `/home/vii/cvs/libs/Proj4Wrap/src/CMakeFiles/CMakeTmp'


Detecting C compiler ABI info compiled with the following output:
Change Dir: /home/vii/cvs/libs/Proj4Wrap/src/CMakeFiles/CMakeTmp

Run Build Command:/usr/bin/make "cmTryCompileExec3757850847/fast"
/usr/bin/make -f CMakeFiles/cmTryCompileExec3757850847.dir/build.make CMakeFiles/cmTryCompileExec3757850847.dir/build
make[1]: Entering directory `/home/vii/cvs/libs/Proj4Wrap/src/CMakeFiles/CMakeTmp'
/d2/local/bin/cmake -E cmake_progress_report /home/vii/cvs/libs/Proj4Wrap/src/CMakeFiles/CMakeTmp/CMakeFiles 1
Building C object CMakeFiles/cmTryCompileExec3757850847.dir/CMakeCCompilerABI.c.o
/usr/bin/gcc   -fPIC      -o CMakeFiles/cmTryCompileExec3757850847.dir/CMakeCCompilerABI.c.o   -c /d2/local/share/cmake-2.8/Modules/CMakeCCompilerABI.c
Linking C executable cmTryCompileExec3757850847
/d2/local/bin/cmake -E cmake_link_script CMakeFiles/cmTryCompileExec3757850847.dir/link.txt --verbose=1
/usr/bin/gcc   -fPIC     -v CMakeFiles/cmTryCompileExec3757850847.dir/CMakeCCompilerABI.c.o  -o cmTryCompileExec3757850847 -rdynamic  
Using built-in specs.
Target: x86_64-linux-gnu
Configured with: ../src/configure -v --with-pkgversion='Debian 4.4.5-8' --with-bugurl=file:///usr/share/doc/gcc-4.4/README.Bugs --enable-languages=c,c++,fortran,objc,obj-c++ --prefix=/usr --program-suffix=-4.4 --enable-shared --enable-multiarch --enable-linker-build-id --with-system-zlib --libexecdir=/usr/lib --without-included-gettext --enable-threads=posix --with-gxx-include-dir=/usr/include/c++/4.4 --libdir=/usr/lib --enable-nls --enable-clocale=gnu --enable-libstdcxx-debug --enable-objc-gc --with-arch-32=i586 --with-tune=generic --enable-checking=release --build=x86_64-linux-gnu --host=x86_64-linux-gnu --target=x86_64-linux-gnu
Thread model: posix
gcc version 4.4.5 (Debian 4.4.5-8) 
COMPILER_PATH=/usr/lib/gcc/x86_64-linux-gnu/4.4.5/:/usr/lib/gcc/x86_64-linux-gnu/4.4.5/:/usr/lib/gcc/x86_64-linux-gnu/:/usr/lib/gcc/x86_64-linux-gnu/4.4.5/:/usr/lib/gcc/x86_64-linux-gnu/:/usr/lib/gcc/x86_64-linux-gnu/4.4.5/:/usr/lib/gcc/x86_64-linux-gnu/
LIBRARY_PATH=/usr/lib/gcc/x86_64-linux-gnu/4.4.5/:/usr/lib/gcc/x86_64-linux-gnu/4.4.5/:/usr/lib/gcc/x86_64-linux-gnu/4.4.5/../../../../lib/:/lib/../lib/:/usr/lib/../lib/:/usr/lib/gcc/x86_64-linux-gnu/4.4.5/../../../:/lib/:/usr/lib/
COLLECT_GCC_OPTIONS='-fPIC' '-v' '-o' 'cmTryCompileExec3757850847' '-rdynamic' '-mtune=generic'
 /usr/lib/gcc/x86_64-linux-gnu/4.4.5/collect2 --build-id --eh-frame-hdr -m elf_x86_64 --hash-style=both -export-dynamic -dynamic-linker /lib64/ld-linux-x86-64.so.2 -o cmTryCompileExec3757850847 /usr/lib/gcc/x86_64-linux-gnu/4.4.5/../../../../lib/crt1.o /usr/lib/gcc/x86_64-linux-gnu/4.4.5/../../../../lib/crti.o /usr/lib/gcc/x86_64-linux-gnu/4.4.5/crtbegin.o -L/usr/lib/gcc/x86_64-linux-gnu/4.4.5 -L/usr/lib/gcc/x86_64-linux-gnu/4.4.5 -L/usr/lib/gcc/x86_64-linux-gnu/4.4.5/../../../../lib -L/lib/../lib -L/usr/lib/../lib -L/usr/lib/gcc/x86_64-linux-gnu/4.4.5/../../.. CMakeFiles/cmTryCompileExec3757850847.dir/CMakeCCompilerABI.c.o -lgcc --as-needed -lgcc_s --no-as-needed -lc -lgcc --as-needed -lgcc_s --no-as-needed /usr/lib/gcc/x86_64-linux-gnu/4.4.5/crtend.o /usr/lib/gcc/x86_64-linux-gnu/4.4.5/../../../../lib/crtn.o
make[1]: Leaving directory `/home/vii/cvs/libs/Proj4Wrap/src/CMakeFiles/CMakeTmp'


Parsed C implicit link information from above output:
  link line regex: [^( *|.*[/\])(ld|ld|collect2)[^/\]*( |$)]
  ignore line: [Change Dir: /home/vii/cvs/libs/Proj4Wrap/src/CMakeFiles/CMakeTmp]
  ignore line: []
  ignore line: [Run Build Command:/usr/bin/make "cmTryCompileExec3757850847/fast"]
  ignore line: [/usr/bin/make -f CMakeFiles/cmTryCompileExec3757850847.dir/build.make CMakeFiles/cmTryCompileExec3757850847.dir/build]
  ignore line: [make[1]: Entering directory `/home/vii/cvs/libs/Proj4Wrap/src/CMakeFiles/CMakeTmp']
  ignore line: [/d2/local/bin/cmake -E cmake_progress_report /home/vii/cvs/libs/Proj4Wrap/src/CMakeFiles/CMakeTmp/CMakeFiles 1]
  ignore line: [Building C object CMakeFiles/cmTryCompileExec3757850847.dir/CMakeCCompilerABI.c.o]
  ignore line: [/usr/bin/gcc   -fPIC      -o CMakeFiles/cmTryCompileExec3757850847.dir/CMakeCCompilerABI.c.o   -c /d2/local/share/cmake-2.8/Modules/CMakeCCompilerABI.c]
  ignore line: [Linking C executable cmTryCompileExec3757850847]
  ignore line: [/d2/local/bin/cmake -E cmake_link_script CMakeFiles/cmTryCompileExec3757850847.dir/link.txt --verbose=1]
  ignore line: [/usr/bin/gcc   -fPIC     -v CMakeFiles/cmTryCompileExec3757850847.dir/CMakeCCompilerABI.c.o  -o cmTryCompileExec3757850847 -rdynamic  ]
  ignore line: [Using built-in specs.]
  ignore line: [Target: x86_64-linux-gnu]
  ignore line: [Configured with: ../src/configure -v --with-pkgversion='Debian 4.4.5-8' --with-bugurl=file:///usr/share/doc/gcc-4.4/README.Bugs --enable-languages=c,c++,fortran,objc,obj-c++ --prefix=/usr --program-suffix=-4.4 --enable-shared --enable-multiarch --enable-linker-build-id --with-system-zlib --libexecdir=/usr/lib --without-included-gettext --enable-threads=posix --with-gxx-include-dir=/usr/include/c++/4.4 --libdir=/usr/lib --enable-nls --enable-clocale=gnu --enable-libstdcxx-debug --enable-objc-gc --with-arch-32=i586 --with-tune=generic --enable-checking=release --build=x86_64-linux-gnu --host=x86_64-linux-gnu --target=x86_64-linux-gnu]
  ignore line: [Thread model: posix]
  ignore line: [gcc version 4.4.5 (Debian 4.4.5-8) ]
  ignore line: [COMPILER_PATH=/usr/lib/gcc/x86_64-linux-gnu/4.4.5/:/usr/lib/gcc/x86_64-linux-gnu/4.4.5/:/usr/lib/gcc/x86_64-linux-gnu/:/usr/lib/gcc/x86_64-linux-gnu/4.4.5/:/usr/lib/gcc/x86_64-linux-gnu/:/usr/lib/gcc/x86_64-linux-gnu/4.4.5/:/usr/lib/gcc/x86_64-linux-gnu/]
  ignore line: [LIBRARY_PATH=/usr/lib/gcc/x86_64-linux-gnu/4.4.5/:/usr/lib/gcc/x86_64-linux-gnu/4.4.5/:/usr/lib/gcc/x86_64-linux-gnu/4.4.5/../../../../lib/:/lib/../lib/:/usr/lib/../lib/:/usr/lib/gcc/x86_64-linux-gnu/4.4.5/../../../:/lib/:/usr/lib/]
  ignore line: [COLLECT_GCC_OPTIONS='-fPIC' '-v' '-o' 'cmTryCompileExec3757850847' '-rdynamic' '-mtune=generic']
  link line: [ /usr/lib/gcc/x86_64-linux-gnu/4.4.5/collect2 --build-id --eh-frame-hdr -m elf_x86_64 --hash-style=both -export-dynamic -dynamic-linker /lib64/ld-linux-x86-64.so.2 -o cmTryCompileExec3757850847 /usr/lib/gcc/x86_64-linux-gnu/4.4.5/../../../../lib/crt1.o /usr/lib/gcc/x86_64-linux-gnu/4.4.5/../../../../lib/crti.o /usr/lib/gcc/x86_64-linux-gnu/4.4.5/crtbegin.o -L/usr/lib/gcc/x86_64-linux-gnu/4.4.5 -L/usr/lib/gcc/x86_64-linux-gnu/4.4.5 -L/usr/lib/gcc/x86_64-linux-gnu/4.4.5/../../../../lib -L/lib/../lib -L/usr/lib/../lib -L/usr/lib/gcc/x86_64-linux-gnu/4.4.5/../../.. CMakeFiles/cmTryCompileExec3757850847.dir/CMakeCCompilerABI.c.o -lgcc --as-needed -lgcc_s --no-as-needed -lc -lgcc --as-needed -lgcc_s --no-as-needed /usr/lib/gcc/x86_64-linux-gnu/4.4.5/crtend.o /usr/lib/gcc/x86_64-linux-gnu/4.4.5/../../../../lib/crtn.o]
    arg [/usr/lib/gcc/x86_64-linux-gnu/4.4.5/collect2] ==> ignore
    arg [--build-id] ==> ignore
    arg [--eh-frame-hdr] ==> ignore
    arg [-m] ==> ignore
    arg [elf_x86_64] ==> ignore
    arg [--hash-style=both] ==> ignore
    arg [-export-dynamic] ==> ignore
    arg [-dynamic-linker] ==> ignore
    arg [/lib64/ld-linux-x86-64.so.2] ==> ignore
    arg [-o] ==> ignore
    arg [cmTryCompileExec3757850847] ==> ignore
    arg [/usr/lib/gcc/x86_64-linux-gnu/4.4.5/../../../../lib/crt1.o] ==> ignore
    arg [/usr/lib/gcc/x86_64-linux-gnu/4.4.5/../../../../lib/crti.o] ==> ignore
    arg [/usr/lib/gcc/x86_64-linux-gnu/4.4.5/crtbegin.o] ==> ignore
    arg [-L/usr/lib/gcc/x86_64-linux-gnu/4.4.5] ==> dir [/usr/lib/gcc/x86_64-linux-gnu/4.4.5]
    arg [-L/usr/lib/gcc/x86_64-linux-gnu/4.4.5] ==> dir [/usr/lib/gcc/x86_64-linux-gnu/4.4.5]
    arg [-L/usr/lib/gcc/x86_64-linux-gnu/4.4.5/../../../../lib] ==> dir [/usr/lib/gcc/x86_64-linux-gnu/4.4.5/../../../../lib]
    arg [-L/lib/../lib] ==> dir [/lib/../lib]
    arg [-L/usr/lib/../lib] ==> dir [/usr/lib/../lib]
    arg [-L/usr/lib/gcc/x86_64-linux-gnu/4.4.5/../../..] ==> dir [/usr/lib/gcc/x86_64-linux-gnu/4.4.5/../../..]
    arg [CMakeFiles/cmTryCompileExec3757850847.dir/CMakeCCompilerABI.c.o] ==> ignore
    arg [-lgcc] ==> lib [gcc]
    arg [--as-needed] ==> ignore
    arg [-lgcc_s] ==> lib [gcc_s]
    arg [--no-as-needed] ==> ignore
    arg [-lc] ==> lib [c]
    arg [-lgcc] ==> lib [gcc]
    arg [--as-needed] ==> ignore
    arg [-lgcc_s] ==> lib [gcc_s]
    arg [--no-as-needed] ==> ignore
    arg [/usr/lib/gcc/x86_64-linux-gnu/4.4.5/crtend.o] ==> ignore
    arg [/usr/lib/gcc/x86_64-linux-gnu/4.4.5/../../../../lib/crtn.o] ==> ignore
  remove lib [gcc]
  remove lib [gcc_s]
  remove lib [gcc]
  remove lib [gcc_s]
  collapse library dir [/usr/lib/gcc/x86_64-linux-gnu/4.4.5] ==> [/usr/lib/gcc/x86_64-linux-gnu/4.4.5]
  collapse library dir [/usr/lib/gcc/x86_64-linux-gnu/4.4.5] ==> [/usr/lib/gcc/x86_64-linux-gnu/4.4.5]
  collapse library dir [/usr/lib/gcc/x86_64-linux-gnu/4.4.5/../../../../lib] ==> [/usr/lib]
  collapse library dir [/lib/../lib] ==> [/lib]
  collapse library dir [/usr/lib/../lib] ==> [/usr/lib]
  collapse library dir [/usr/lib/gcc/x86_64-linux-gnu/4.4.5/../../..] ==> [/usr/lib]
  implicit libs: [c]
  implicit dirs: [/usr/lib/gcc/x86_64-linux-gnu/4.4.5;/usr/lib;/lib]
  implicit fwks: []


Determining if the CXX compiler works passed with the following output:
Change Dir: /home/vii/cvs/libs/Proj4Wrap/src/CMakeFiles/CMakeTmp

Run Build Command:/usr/bin/make "cmTryCompileExec2276929493/fast"
/usr/bin/make -f CMakeFiles/cmTryCompileExec2276929493.dir/build.make CMakeFiles/cmTryCompileExec2276929493.dir/build
make[1]: Entering directory `/home/vii/cvs/libs/Proj4Wrap/src/CMakeFiles/CMakeTmp'
/d2/local/bin/cmake -E cmake_progress_report /home/vii/cvs/libs/Proj4Wrap/src/CMakeFiles/CMakeTmp/CMakeFiles 1
Building CXX object CMakeFiles/cmTryCompileExec2276929493.dir/testCXXCompiler.cxx.o
/usr/bin/c++     -o CMakeFiles/cmTryCompileExec2276929493.dir/testCXXCompiler.cxx.o -c /home/vii/cvs/libs/Proj4Wrap/src/CMakeFiles/CMakeTmp/testCXXCompiler.cxx
Linking CXX executable cmTryCompileExec2276929493
/d2/local/bin/cmake -E cmake_link_script CMakeFiles/cmTryCompileExec2276929493.dir/link.txt --verbose=1
/usr/bin/c++         -L/d2/local/lib CMakeFiles/cmTryCompileExec2276929493.dir/testCXXCompiler.cxx.o  -o cmTryCompileExec2276929493 -rdynamic 
make[1]: Leaving directory `/home/vii/cvs/libs/Proj4Wrap/src/CMakeFiles/CMakeTmp'


Detecting CXX compiler ABI info compiled with the following output:
Change Dir: /home/vii/cvs/libs/Proj4Wrap/src/CMakeFiles/CMakeTmp

Run Build Command:/usr/bin/make "cmTryCompileExec1105791390/fast"
/usr/bin/make -f CMakeFiles/cmTryCompileExec1105791390.dir/build.make CMakeFiles/cmTryCompileExec1105791390.dir/build
make[1]: Entering directory `/home/vii/cvs/libs/Proj4Wrap/src/CMakeFiles/CMakeTmp'
/d2/local/bin/cmake -E cmake_progress_report /home/vii/cvs/libs/Proj4Wrap/src/CMakeFiles/CMakeTmp/CMakeFiles 1
Building CXX object CMakeFiles/cmTryCompileExec1105791390.dir/CMakeCXXCompilerABI.cpp.o
/usr/bin/c++     -o CMakeFiles/cmTryCompileExec1105791390.dir/CMakeCXXCompilerABI.cpp.o -c /d2/local/share/cmake-2.8/Modules/CMakeCXXCompilerABI.cpp
Linking CXX executable cmTryCompileExec1105791390
/d2/local/bin/cmake -E cmake_link_script CMakeFiles/cmTryCompileExec1105791390.dir/link.txt --verbose=1
/usr/bin/c++        -v CMakeFiles/cmTryCompileExec1105791390.dir/CMakeCXXCompilerABI.cpp.o  -o cmTryCompileExec1105791390 -rdynamic  
Using built-in specs.
Target: x86_64-linux-gnu
Configured with: ../src/configure -v --with-pkgversion='Debian 4.4.5-8' --with-bugurl=file:///usr/share/doc/gcc-4.4/README.Bugs --enable-languages=c,c++,fortran,objc,obj-c++ --prefix=/usr --program-suffix=-4.4 --enable-shared --enable-multiarch --enable-linker-build-id --with-system-zlib --libexecdir=/usr/lib --without-included-gettext --enable-threads=posix --with-gxx-include-dir=/usr/include/c++/4.4 --libdir=/usr/lib --enable-nls --enable-clocale=gnu --enable-libstdcxx-debug --enable-objc-gc --with-arch-32=i586 --with-tune=generic --enable-checking=release --build=x86_64-linux-gnu --host=x86_64-linux-gnu --target=x86_64-linux-gnu
Thread model: posix
gcc version 4.4.5 (Debian 4.4.5-8) 
COMPILER_PATH=/usr/lib/gcc/x86_64-linux-gnu/4.4.5/:/usr/lib/gcc/x86_64-linux-gnu/4.4.5/:/usr/lib/gcc/x86_64-linux-gnu/:/usr/lib/gcc/x86_64-linux-gnu/4.4.5/:/usr/lib/gcc/x86_64-linux-gnu/:/usr/lib/gcc/x86_64-linux-gnu/4.4.5/:/usr/lib/gcc/x86_64-linux-gnu/
LIBRARY_PATH=/usr/lib/gcc/x86_64-linux-gnu/4.4.5/:/usr/lib/gcc/x86_64-linux-gnu/4.4.5/:/usr/lib/gcc/x86_64-linux-gnu/4.4.5/../../../../lib/:/lib/../lib/:/usr/lib/../lib/:/usr/lib/gcc/x86_64-linux-gnu/4.4.5/../../../:/lib/:/usr/lib/
COLLECT_GCC_OPTIONS='-v' '-o' 'cmTryCompileExec1105791390' '-rdynamic' '-shared-libgcc' '-mtune=generic'
 /usr/lib/gcc/x86_64-linux-gnu/4.4.5/collect2 --build-id --eh-frame-hdr -m elf_x86_64 --hash-style=both -export-dynamic -dynamic-linker /lib64/ld-linux-x86-64.so.2 -o cmTryCompileExec1105791390 /usr/lib/gcc/x86_64-linux-gnu/4.4.5/../../../../lib/crt1.o /usr/lib/gcc/x86_64-linux-gnu/4.4.5/../../../../lib/crti.o /usr/lib/gcc/x86_64-linux-gnu/4.4.5/crtbegin.o -L/usr/lib/gcc/x86_64-linux-gnu/4.4.5 -L/usr/lib/gcc/x86_64-linux-gnu/4.4.5 -L/usr/lib/gcc/x86_64-linux-gnu/4.4.5/../../../../lib -L/lib/../lib -L/usr/lib/../lib -L/usr/lib/gcc/x86_64-linux-gnu/4.4.5/../../.. CMakeFiles/cmTryCompileExec1105791390.dir/CMakeCXXCompilerABI.cpp.o -lstdc++ -lm -lgcc_s -lgcc -lc -lgcc_s -lgcc /usr/lib/gcc/x86_64-linux-gnu/4.4.5/crtend.o /usr/lib/gcc/x86_64-linux-gnu/4.4.5/../../../../lib/crtn.o
make[1]: Leaving directory `/home/vii/cvs/libs/Proj4Wrap/src/CMakeFiles/CMakeTmp'


Parsed CXX implicit link information from above output:
  link line regex: [^( *|.*[/\])(ld|ld|collect2)[^/\]*( |$)]
  ignore line: [Change Dir: /home/vii/cvs/libs/Proj4Wrap/src/CMakeFiles/CMakeTmp]
  ignore line: []
  ignore line: [Run Build Command:/usr/bin/make "cmTryCompileExec1105791390/fast"]
  ignore line: [/usr/bin/make -f CMakeFiles/cmTryCompileExec1105791390.dir/build.make CMakeFiles/cmTryCompileExec1105791390.dir/build]
  ignore line: [make[1]: Entering directory `/home/vii/cvs/libs/Proj4Wrap/src/CMakeFiles/CMakeTmp']
  ignore line: [/d2/local/bin/cmake -E cmake_progress_report /home/vii/cvs/libs/Proj4Wrap/src/CMakeFiles/CMakeTmp/CMakeFiles 1]
  ignore line: [Building CXX object CMakeFiles/cmTryCompileExec1105791390.dir/CMakeCXXCompilerABI.cpp.o]
  ignore line: [/usr/bin/c++     -o CMakeFiles/cmTryCompileExec1105791390.dir/CMakeCXXCompilerABI.cpp.o -c /d2/local/share/cmake-2.8/Modules/CMakeCXXCompilerABI.cpp]
  ignore line: [Linking CXX executable cmTryCompileExec1105791390]
  ignore line: [/d2/local/bin/cmake -E cmake_link_script CMakeFiles/cmTryCompileExec1105791390.dir/link.txt --verbose=1]
  ignore line: [/usr/bin/c++        -v CMakeFiles/cmTryCompileExec1105791390.dir/CMakeCXXCompilerABI.cpp.o  -o cmTryCompileExec1105791390 -rdynamic  ]
  ignore line: [Using built-in specs.]
  ignore line: [Target: x86_64-linux-gnu]
  ignore line: [Configured with: ../src/configure -v --with-pkgversion='Debian 4.4.5-8' --with-bugurl=file:///usr/share/doc/gcc-4.4/README.Bugs --enable-languages=c,c++,fortran,objc,obj-c++ --prefix=/usr --program-suffix=-4.4 --enable-shared --enable-multiarch --enable-linker-build-id --with-system-zlib --libexecdir=/usr/lib --without-included-gettext --enable-threads=posix --with-gxx-include-dir=/usr/include/c++/4.4 --libdir=/usr/lib --enable-nls --enable-clocale=gnu --enable-libstdcxx-debug --enable-objc-gc --with-arch-32=i586 --with-tune=generic --enable-checking=release --build=x86_64-linux-gnu --host=x86_64-linux-gnu --target=x86_64-linux-gnu]
  ignore line: [Thread model: posix]
  ignore line: [gcc version 4.4.5 (Debian 4.4.5-8) ]
  ignore line: [COMPILER_PATH=/usr/lib/gcc/x86_64-linux-gnu/4.4.5/:/usr/lib/gcc/x86_64-linux-gnu/4.4.5/:/usr/lib/gcc/x86_64-linux-gnu/:/usr/lib/gcc/x86_64-linux-gnu/4.4.5/:/usr/lib/gcc/x86_64-linux-gnu/:/usr/lib/gcc/x86_64-linux-gnu/4.4.5/:/usr/lib/gcc/x86_64-linux-gnu/]
  ignore line: [LIBRARY_PATH=/usr/lib/gcc/x86_64-linux-gnu/4.4.5/:/usr/lib/gcc/x86_64-linux-gnu/4.4.5/:/usr/lib/gcc/x86_64-linux-gnu/4.4.5/../../../../lib/:/lib/../lib/:/usr/lib/../lib/:/usr/lib/gcc/x86_64-linux-gnu/4.4.5/../../../:/lib/:/usr/lib/]
  ignore line: [COLLECT_GCC_OPTIONS='-v' '-o' 'cmTryCompileExec1105791390' '-rdynamic' '-shared-libgcc' '-mtune=generic']
  link line: [ /usr/lib/gcc/x86_64-linux-gnu/4.4.5/collect2 --build-id --eh-frame-hdr -m elf_x86_64 --hash-style=both -export-dynamic -dynamic-linker /lib64/ld-linux-x86-64.so.2 -o cmTryCompileExec1105791390 /usr/lib/gcc/x86_64-linux-gnu/4.4.5/../../../../lib/crt1.o /usr/lib/gcc/x86_64-linux-gnu/4.4.5/../../../../lib/crti.o /usr/lib/gcc/x86_64-linux-gnu/4.4.5/crtbegin.o -L/usr/lib/gcc/x86_64-linux-gnu/4.4.5 -L/usr/lib/gcc/x86_64-linux-gnu/4.4.5 -L/usr/lib/gcc/x86_64-linux-gnu/4.4.5/../../../../lib -L/lib/../lib -L/usr/lib/../lib -L/usr/lib/gcc/x86_64-linux-gnu/4.4.5/../../.. CMakeFiles/cmTryCompileExec1105791390.dir/CMakeCXXCompilerABI.cpp.o -lstdc++ -lm -lgcc_s -lgcc -lc -lgcc_s -lgcc /usr/lib/gcc/x86_64-linux-gnu/4.4.5/crtend.o /usr/lib/gcc/x86_64-linux-gnu/4.4.5/../../../../lib/crtn.o]
    arg [/usr/lib/gcc/x86_64-linux-gnu/4.4.5/collect2] ==> ignore
    arg [--build-id] ==> ignore
    arg [--eh-frame-hdr] ==> ignore
    arg [-m] ==> ignore
    arg [elf_x86_64] ==> ignore
    arg [--hash-style=both] ==> ignore
    arg [-export-dynamic] ==> ignore
    arg [-dynamic-linker] ==> ignore
    arg [/lib64/ld-linux-x86-64.so.2] ==> ignore
    arg [-o] ==> ignore
    arg [cmTryCompileExec1105791390] ==> ignore
    arg [/usr/lib/gcc/x86_64-linux-gnu/4.4.5/../../../../lib/crt1.o] ==> ignore
    arg [/usr/lib/gcc/x86_64-linux-gnu/4.4.5/../../../../lib/crti.o] ==> ignore
    arg [/usr/lib/gcc/x86_64-linux-gnu/4.4.5/crtbegin.o] ==> ignore
    arg [-L/usr/lib/gcc/x86_64-linux-gnu/4.4.5] ==> dir [/usr/lib/gcc/x86_64-linux-gnu/4.4.5]
    arg [-L/usr/lib/gcc/x86_64-linux-gnu/4.4.5] ==> dir [/usr/lib/gcc/x86_64-linux-gnu/4.4.5]
    arg [-L/usr/lib/gcc/x86_64-linux-gnu/4.4.5/../../../../lib] ==> dir [/usr/lib/gcc/x86_64-linux-gnu/4.4.5/../../../../lib]
    arg [-L/lib/../lib] ==> dir [/lib/../lib]
    arg [-L/usr/lib/../lib] ==> dir [/usr/lib/../lib]
    arg [-L/usr/lib/gcc/x86_64-linux-gnu/4.4.5/../../..] ==> dir [/usr/lib/gcc/x86_64-linux-gnu/4.4.5/../../..]
    arg [CMakeFiles/cmTryCompileExec1105791390.dir/CMakeCXXCompilerABI.cpp.o] ==> ignore
    arg [-lstdc++] ==> lib [stdc++]
    arg [-lm] ==> lib [m]
    arg [-lgcc_s] ==> lib [gcc_s]
    arg [-lgcc] ==> lib [gcc]
    arg [-lc] ==> lib [c]
    arg [-lgcc_s] ==> lib [gcc_s]
    arg [-lgcc] ==> lib [gcc]
    arg [/usr/lib/gcc/x86_64-linux-gnu/4.4.5/crtend.o] ==> ignore
    arg [/usr/lib/gcc/x86_64-linux-gnu/4.4.5/../../../../lib/crtn.o] ==> ignore
  remove lib [gcc_s]
  remove lib [gcc]
  remove lib [gcc_s]
  remove lib [gcc]
  collapse library dir [/usr/lib/gcc/x86_64-linux-gnu/4.4.5] ==> [/usr/lib/gcc/x86_64-linux-gnu/4.4.5]
  collapse library dir [/usr/lib/gcc/x86_64-linux-gnu/4.4.5] ==> [/usr/lib/gcc/x86_64-linux-gnu/4.4.5]
  collapse library dir [/usr/lib/gcc/x86_64-linux-gnu/4.4.5/../../../../lib] ==> [/usr/lib]
  collapse library dir [/lib/../lib] ==> [/lib]
  collapse library dir [/usr/lib/../lib] ==> [/usr/lib]
  collapse library dir [/usr/lib/gcc/x86_64-linux-gnu/4.4.5/../../..] ==> [/usr/lib]
  implicit libs: [stdc++;m;c]
  implicit dirs: [/usr/lib/gcc/x86_64-linux-gnu/4.4.5;/usr/lib;/lib]
  implicit fwks: []


